<?xml version="1.0" encoding="utf-8"?><testsuites name="pytest tests"><testsuite name="pytest" errors="0" failures="0" skipped="0" tests="11" time="3.060" timestamp="2026-02-15T18:42:42.618896+00:00" hostname="agent-env-06e0f5a1-1b55-4fb7-a382-3908a38337e6"><testcase classname="backend.tests.test_card_builder.TestMyDashboard" name="test_get_my_dashboard_returns_template_and_blocks" time="0.649" /><testcase classname="backend.tests.test_card_builder.TestMyDashboard" name="test_win_rate_card_displays_percentage" time="0.163" /><testcase classname="backend.tests.test_card_builder.TestTemplatesCRUD" name="test_list_templates" time="0.160" /><testcase classname="backend.tests.test_card_builder.TestTemplatesCRUD" name="test_create_template" time="0.138" /><testcase classname="backend.tests.test_card_builder.TestTemplatesCRUD" name="test_update_template" time="0.352" /><testcase classname="backend.tests.test_card_builder.TestTemplatesCRUD" name="test_delete_template" time="0.273" /><testcase classname="backend.tests.test_card_builder.TestLayoutManagement" name="test_save_template_layout" time="0.460" /><testcase classname="backend.tests.test_card_builder.TestAvailableRoles" name="test_get_available_roles" time="0.119" /><testcase classname="backend.tests.test_card_builder.TestCards" name="test_list_cards" time="0.137" /><testcase classname="backend.tests.test_card_builder.TestCards" name="test_execute_card" time="0.239" /><testcase classname="backend.tests.test_card_builder.TestCleanup" name="test_cleanup_test_templates" time="0.259" /></testsuite></testsuites>