<?xml version="1.0" encoding="utf-8"?><testsuites name="pytest tests"><testsuite name="pytest" errors="0" failures="0" skipped="0" tests="14" time="4.398" timestamp="2026-03-07T21:58:48.379106+00:00" hostname="agent-env-ab2dd45f-d3eb-4bea-bac1-d18b7ce8661d"><testcase classname="backend.tests.test_iteration_28_bugs.TestAuthAndSetup" name="test_admin_login" time="1.086" /><testcase classname="backend.tests.test_iteration_28_bugs.TestAuthAndSetup" name="test_director_login" time="0.000" /><testcase classname="backend.tests.test_iteration_28_bugs.TestAuthAndSetup" name="test_sales_rep_login" time="0.000" /><testcase classname="backend.tests.test_iteration_28_bugs.TestExcelExportFilterAlignment" name="test_export_lost_2026_returns_more_than_4_rows" time="0.574" /><testcase classname="backend.tests.test_iteration_28_bugs.TestExcelExportFilterAlignment" name="test_export_won_2025_returns_records" time="0.157" /><testcase classname="backend.tests.test_iteration_28_bugs.TestExcelExportFilterAlignment" name="test_export_with_product_director_filter" time="0.130" /><testcase classname="backend.tests.test_iteration_28_bugs.TestExcelExportFilterAlignment" name="test_export_with_solution_category_filter" time="0.121" /><testcase classname="backend.tests.test_iteration_28_bugs.TestExcelExportFilterAlignment" name="test_export_with_all_filters" time="0.121" /><testcase classname="backend.tests.test_iteration_28_bugs.TestDashboardAPI" name="test_dashboard_loads" time="0.586" /><testcase classname="backend.tests.test_iteration_28_bugs.TestDashboardAPI" name="test_win_rate_card_shows_percentage" time="0.233" /><testcase classname="backend.tests.test_iteration_28_bugs.TestDashboardAPI" name="test_invoice_kpi_cards_non_zero" time="0.214" /><testcase classname="backend.tests.test_iteration_28_bugs.TestDataHealthAPI" name="test_data_health_endpoint_exists" time="0.480" /><testcase classname="backend.tests.test_iteration_28_bugs.TestDataHealthAPI" name="test_data_health_has_collections" time="0.151" /><testcase classname="backend.tests.test_iteration_28_bugs.TestOpportunitiesListAPI" name="test_opportunities_list_with_year_filter" time="0.483" /></testsuite></testsuites>