<?xml version="1.0" encoding="utf-8"?><testsuites name="pytest tests"><testsuite name="pytest" errors="1" failures="9" skipped="0" tests="13" time="3.773" timestamp="2026-03-05T00:07:28.974035+00:00" hostname="agent-env-31d73995-4156-4537-a302-ebf0213b3a2a"><testcase classname="backend.tests.test_iteration_26.TestAuth" name="test_login" time="0.491"><error message="failed on setup with &quot;AssertionError: No token in response&#10;assert 'token' in {'access_token': 'eyJhbGciOiJIUzI1NiIsInR5cCI6IkpXVCJ9.eyJzdWIiOiI4YWU4MjkzMi1mZTRiLTQwN2ItOTg0ZC03MmRhMTE4MmJlZDciLCJlbWFpbCI6ImtyaXNobmFAc2VjdXJhZG8ubmV0Iiwib3JnX2lkIjoiZGVmYXVsdCIsInJvbGVzIjpbImFkbWluIiwic2FsZXNfYWRtaW4iXSwicGVybWlzc2lvbnMiOlsibWFuYWdlX29wcG9ydHVuaXRpZXMiLCJ2aWV3X2Rhc2hib2FyZCIsIm1hbmFnZV9sZWFkcyIsImFkbWluOioiXSwidHlwZSI6ImFjY2VzcyIsImV4cCI6MTc3Mjc1NTY0OSwiaWF0IjoxNzcyNjY5MjQ5fQ.dmGY2agRTsngSy_4GfYZez2C84BmdHNYgGNt583QwLw', 'refresh_token': 'eyJhbGciOiJIUzI1NiIsInR5cCI6IkpXVCJ9.eyJzdWIiOiI4YWU4MjkzMi1mZTRiLTQwN2ItOTg0ZC03MmRhMTE4MmJlZDciLCJlbWFpbCI6ImtyaXNobmFAc2VjdXJhZG8ubmV0Iiwib3JnX2lkIjoiZGVmYXVsdCIsInJvbGVzIjpbImFkbWluIiwic2FsZXNfYWRtaW4iXSwicGVybWlzc2lvbnMiOlsibWFuYWdlX29wcG9ydHVuaXRpZXMiLCJ2aWV3X2Rhc2hib2FyZCIsIm1hbmFnZV9sZWFkcyIsImFkbWluOioiXSwidHlwZSI6InJlZnJlc2giLCJleHAiOjE3NzMyNzQwNDksImlhdCI6MTc3MjY2OTI0OX0.3YA8tIgm1EiBsDb22nnZpfH3XYAHj5JPBlBj984P6ik', 'token_type': 'bearer'}&quot;">backend/tests/test_iteration_26.py:33: in auth_token
    assert "token" in data, "No token in response"
E   AssertionError: No token in response
E   assert 'token' in {'access_token': 'eyJhbGciOiJIUzI1NiIsInR5cCI6IkpXVCJ9.eyJzdWIiOiI4YWU4MjkzMi1mZTRiLTQwN2ItOTg0ZC03MmRhMTE4MmJlZDciLCJlbWFpbCI6ImtyaXNobmFAc2VjdXJhZG8ubmV0Iiwib3JnX2lkIjoiZGVmYXVsdCIsInJvbGVzIjpbImFkbWluIiwic2FsZXNfYWRtaW4iXSwicGVybWlzc2lvbnMiOlsibWFuYWdlX29wcG9ydHVuaXRpZXMiLCJ2aWV3X2Rhc2hib2FyZCIsIm1hbmFnZV9sZWFkcyIsImFkbWluOioiXSwidHlwZSI6ImFjY2VzcyIsImV4cCI6MTc3Mjc1NTY0OSwiaWF0IjoxNzcyNjY5MjQ5fQ.dmGY2agRTsngSy_4GfYZez2C84BmdHNYgGNt583QwLw', 'refresh_token': 'eyJhbGciOiJIUzI1NiIsInR5cCI6IkpXVCJ9.eyJzdWIiOiI4YWU4MjkzMi1mZTRiLTQwN2ItOTg0ZC03MmRhMTE4MmJlZDciLCJlbWFpbCI6ImtyaXNobmFAc2VjdXJhZG8ubmV0Iiwib3JnX2lkIjoiZGVmYXVsdCIsInJvbGVzIjpbImFkbWluIiwic2FsZXNfYWRtaW4iXSwicGVybWlzc2lvbnMiOlsibWFuYWdlX29wcG9ydHVuaXRpZXMiLCJ2aWV3X2Rhc2hib2FyZCIsIm1hbmFnZV9sZWFkcyIsImFkbWluOioiXSwidHlwZSI6InJlZnJlc2giLCJleHAiOjE3NzMyNzQwNDksImlhdCI6MTc3MjY2OTI0OX0.3YA8tIgm1EiBsDb22nnZpfH3XYAHj5JPBlBj984P6ik', 'token_type': 'bearer'}</error></testcase><testcase classname="backend.tests.test_iteration_26.TestAIAssistantSessionPersistence" name="test_chat_returns_session_id" time="0.519"><failure message="AssertionError: Chat failed: {&quot;detail&quot;:&quot;Invalid token&quot;}&#10;assert 401 == 200&#10; +  where 401 = &lt;Response [401]&gt;.status_code">backend/tests/test_iteration_26.py:66: in test_chat_returns_session_id
    assert response.status_code == 200, f"Chat failed: {response.text}"
E   AssertionError: Chat failed: {"detail":"Invalid token"}
E   assert 401 == 200
E    +  where 401 = &lt;Response [401]&gt;.status_code</failure></testcase><testcase classname="backend.tests.test_iteration_26.TestAIAssistantSessionPersistence" name="test_chat_uses_default_session_if_not_provided" time="0.152"><failure message="assert 401 == 200&#10; +  where 401 = &lt;Response [401]&gt;.status_code">backend/tests/test_iteration_26.py:85: in test_chat_uses_default_session_if_not_provided
    assert response.status_code == 200
E   assert 401 == 200
E    +  where 401 = &lt;Response [401]&gt;.status_code</failure></testcase><testcase classname="backend.tests.test_iteration_26.TestAIAssistantChartGeneration" name="test_pipeline_chart_request" time="0.512"><failure message="AssertionError: Chat failed: {&quot;detail&quot;:&quot;Invalid token&quot;}&#10;assert 401 == 200&#10; +  where 401 = &lt;Response [401]&gt;.status_code">backend/tests/test_iteration_26.py:114: in test_pipeline_chart_request
    assert response.status_code == 200, f"Chat failed: {response.text}"
E   AssertionError: Chat failed: {"detail":"Invalid token"}
E   assert 401 == 200
E    +  where 401 = &lt;Response [401]&gt;.status_code</failure></testcase><testcase classname="backend.tests.test_iteration_26.TestAIAssistantChartGeneration" name="test_chart_request_with_show_me" time="0.142"><failure message="assert 401 == 200&#10; +  where 401 = &lt;Response [401]&gt;.status_code">backend/tests/test_iteration_26.py:144: in test_chart_request_with_show_me
    assert response.status_code == 200
E   assert 401 == 200
E    +  where 401 = &lt;Response [401]&gt;.status_code</failure></testcase><testcase classname="backend.tests.test_iteration_26.TestAIAssistantChartGeneration" name="test_invoice_chart_request" time="0.109"><failure message="assert 401 == 200&#10; +  where 401 = &lt;Response [401]&gt;.status_code">backend/tests/test_iteration_26.py:162: in test_invoice_chart_request
    assert response.status_code == 200
E   assert 401 == 200
E    +  where 401 = &lt;Response [401]&gt;.status_code</failure></testcase><testcase classname="backend.tests.test_iteration_26.TestAIAssistantChartGeneration" name="test_chart_response_includes_text_and_chart" time="0.126"><failure message="assert 401 == 200&#10; +  where 401 = &lt;Response [401]&gt;.status_code">backend/tests/test_iteration_26.py:184: in test_chart_response_includes_text_and_chart
    assert response.status_code == 200
E   assert 401 == 200
E    +  where 401 = &lt;Response [401]&gt;.status_code</failure></testcase><testcase classname="backend.tests.test_iteration_26.TestPerformanceHubStrategyTeamLabels" name="test_get_my_data_endpoint" time="0.449"><failure message="AssertionError: my-data failed: {&quot;detail&quot;:&quot;Not Found&quot;}&#10;assert 404 == 200&#10; +  where 404 = &lt;Response [404]&gt;.status_code">backend/tests/test_iteration_26.py:216: in test_get_my_data_endpoint
    assert response.status_code == 200, f"my-data failed: {response.text}"
E   AssertionError: my-data failed: {"detail":"Not Found"}
E   assert 404 == 200
E    +  where 404 = &lt;Response [404]&gt;.status_code</failure></testcase><testcase classname="backend.tests.test_iteration_26.TestPerformanceHubStrategyTeamLabels" name="test_list_revenue_plans" time="0.140"><failure message="AssertionError: list plans failed: {&quot;detail&quot;:&quot;Not Found&quot;}&#10;assert 404 == 200&#10; +  where 404 = &lt;Response [404]&gt;.status_code">backend/tests/test_iteration_26.py:230: in test_list_revenue_plans
    assert response.status_code == 200, f"list plans failed: {response.text}"
E   AssertionError: list plans failed: {"detail":"Not Found"}
E   assert 404 == 200
E    +  where 404 = &lt;Response [404]&gt;.status_code</failure></testcase><testcase classname="backend.tests.test_iteration_26.TestPerformanceHubStrategyTeamLabels" name="test_create_strategy_plan_type" time="0.120" /><testcase classname="backend.tests.test_iteration_26.TestPerformanceHubStrategyTeamLabels" name="test_marketing_plan_type" time="0.106" /><testcase classname="backend.tests.test_iteration_26.TestAIAssistantFeedbackWithAttachment" name="test_feedback_with_attachment_endpoint_exists" time="0.452"><failure message="AssertionError: Feedback endpoint failed: {&quot;detail&quot;:&quot;Invalid token&quot;}&#10;assert 401 == 200&#10; +  where 401 = &lt;Response [401]&gt;.status_code">backend/tests/test_iteration_26.py:326: in test_feedback_with_attachment_endpoint_exists
    assert response.status_code == 200, f"Feedback endpoint failed: {response.text}"
E   AssertionError: Feedback endpoint failed: {"detail":"Invalid token"}
E   assert 401 == 200
E    +  where 401 = &lt;Response [401]&gt;.status_code</failure></testcase><testcase classname="backend.tests.test_iteration_26.TestCleanup" name="test_cleanup_test_feedback" time="0.329" /></testsuite></testsuites>