<?xml version="1.0" encoding="utf-8"?><testsuites name="pytest tests"><testsuite name="pytest" errors="0" failures="0" skipped="0" tests="18" time="17.879" timestamp="2026-02-25T19:06:46.476055+00:00" hostname="agent-env-06e0f5a1-1b55-4fb7-a382-3908a38337e6"><testcase classname="backend.tests.test_iteration_21.TestAuthentication" name="test_admin_login" time="12.177" /><testcase classname="backend.tests.test_iteration_21.TestAuthentication" name="test_sales_rep_login" time="0.436" /><testcase classname="backend.tests.test_iteration_21.TestAuthentication" name="test_product_director_login" time="0.668" /><testcase classname="backend.tests.test_iteration_21.TestDashboardMyDashboard" name="test_my_dashboard_2026" time="0.491" /><testcase classname="backend.tests.test_iteration_21.TestDashboardMyDashboard" name="test_my_dashboard_2025" time="0.178" /><testcase classname="backend.tests.test_iteration_21.TestDashboardMyDashboard" name="test_my_dashboard_open_opps_count" time="0.133" /><testcase classname="backend.tests.test_iteration_21.TestFilterOptions" name="test_analytics_filters" time="0.167" /><testcase classname="backend.tests.test_iteration_21.TestFilterOptions" name="test_dashboard_filter_options" time="0.112" /><testcase classname="backend.tests.test_iteration_21.TestTemplatesAndCards" name="test_list_templates" time="0.125" /><testcase classname="backend.tests.test_iteration_21.TestTemplatesAndCards" name="test_list_cards" time="0.234" /><testcase classname="backend.tests.test_iteration_21.TestTemplatesAndCards" name="test_available_roles" time="0.130" /><testcase classname="backend.tests.test_iteration_21.TestDrillDown" name="test_drill_down_card" time="0.411" /><testcase classname="backend.tests.test_iteration_21.TestRBAC" name="test_admin_sees_more_data" time="0.958" /><testcase classname="backend.tests.test_iteration_21.TestRBAC" name="test_product_director_dashboard" time="0.542" /><testcase classname="backend.tests.test_iteration_21.TestAnalytics" name="test_analytics_overview" time="0.493" /><testcase classname="backend.tests.test_iteration_21.TestAnalytics" name="test_analytics_rep_performance" time="0.230" /><testcase classname="backend.tests.test_iteration_21.TestProductDirectorsAndCategories" name="test_get_product_directors_from_filter" time="0.138" /><testcase classname="backend.tests.test_iteration_21.TestProductDirectorsAndCategories" name="test_get_solution_categories_from_filter" time="0.171" /></testsuite></testsuites>