<?xml version="1.0" encoding="utf-8"?><testsuites name="pytest tests"><testsuite name="pytest" errors="0" failures="3" skipped="0" tests="18" time="7.827" timestamp="2026-02-25T19:06:13.444228+00:00" hostname="agent-env-06e0f5a1-1b55-4fb7-a382-3908a38337e6"><testcase classname="backend.tests.test_iteration_21.TestAuthentication" name="test_admin_login" time="2.853" /><testcase classname="backend.tests.test_iteration_21.TestAuthentication" name="test_sales_rep_login" time="0.425" /><testcase classname="backend.tests.test_iteration_21.TestAuthentication" name="test_product_director_login" time="0.349" /><testcase classname="backend.tests.test_iteration_21.TestDashboardMyDashboard" name="test_my_dashboard_2026" time="0.618" /><testcase classname="backend.tests.test_iteration_21.TestDashboardMyDashboard" name="test_my_dashboard_2025" time="0.184" /><testcase classname="backend.tests.test_iteration_21.TestDashboardMyDashboard" name="test_my_dashboard_open_opps_count" time="0.164" /><testcase classname="backend.tests.test_iteration_21.TestFilterOptions" name="test_analytics_filters" time="0.181" /><testcase classname="backend.tests.test_iteration_21.TestFilterOptions" name="test_dashboard_filter_options" time="0.127" /><testcase classname="backend.tests.test_iteration_21.TestTemplatesAndCards" name="test_list_templates" time="0.127" /><testcase classname="backend.tests.test_iteration_21.TestTemplatesAndCards" name="test_list_cards" time="0.161" /><testcase classname="backend.tests.test_iteration_21.TestTemplatesAndCards" name="test_available_roles" time="0.214" /><testcase classname="backend.tests.test_iteration_21.TestDrillDown" name="test_drill_down_card" time="0.309" /><testcase classname="backend.tests.test_iteration_21.TestRBAC" name="test_admin_sees_more_data" time="0.807" /><testcase classname="backend.tests.test_iteration_21.TestRBAC" name="test_product_director_dashboard" time="0.557" /><testcase classname="backend.tests.test_iteration_21.TestAnalytics" name="test_analytics_overview" time="0.200" /><testcase classname="backend.tests.test_iteration_21.TestAnalytics" name="test_analytics_rep_performance" time="0.123"><failure message="AssertionError: assert False&#10; +  where False = isinstance({'applied_filters': {'year': '2026'}, 'avg_win_rate': 31.5, 'reps': [{'avg_deal_size': 124053.6, 'lost_count': 4, 'name': 'Nabisaheb', 'pipeline_value': 2618876.75, ...}, {'avg_deal_size': 14404.44, 'lost_count': 9, 'name': 'Ameer Vettikkattuparambu Vaheed', 'pipeline_value': 143405.0, ...}, {'avg_deal_size': 11107.6, 'lost_count': 11, 'name': 'Vyshnav Thanniyadi', 'pipeline_value': 217700.0, ...}, {'avg_deal_size': 19328.0, 'lost_count': 8, 'name': 'Ali Hassan AbdulAli Al-Lawati', 'pipeline_value': 315413.75, ...}, {'avg_deal_size': 3230.67, 'lost_count': 1, 'name': 'Thejus Korjan', 'pipeline_value': 22155.0, ...}, {'avg_deal_size': 0, 'lost_count': 0, 'name': 'Omar Mohammed Hashil Al- Jarwani', 'pipeline_value': 200000.0, ...}, ...], 'top_performer': 'Nabisaheb', ...}, list)">backend/tests/test_iteration_21.py:271: in test_analytics_rep_performance
    assert isinstance(data, list)
E   AssertionError: assert False
E    +  where False = isinstance({'applied_filters': {'year': '2026'}, 'avg_win_rate': 31.5, 'reps': [{'avg_deal_size': 124053.6, 'lost_count': 4, 'name': 'Nabisaheb', 'pipeline_value': 2618876.75, ...}, {'avg_deal_size': 14404.44, 'lost_count': 9, 'name': 'Ameer Vettikkattuparambu Vaheed', 'pipeline_value': 143405.0, ...}, {'avg_deal_size': 11107.6, 'lost_count': 11, 'name': 'Vyshnav Thanniyadi', 'pipeline_value': 217700.0, ...}, {'avg_deal_size': 19328.0, 'lost_count': 8, 'name': 'Ali Hassan AbdulAli Al-Lawati', 'pipeline_value': 315413.75, ...}, {'avg_deal_size': 3230.67, 'lost_count': 1, 'name': 'Thejus Korjan', 'pipeline_value': 22155.0, ...}, {'avg_deal_size': 0, 'lost_count': 0, 'name': 'Omar Mohammed Hashil Al- Jarwani', 'pipeline_value': 200000.0, ...}, ...], 'top_performer': 'Nabisaheb', ...}, list)</failure></testcase><testcase classname="backend.tests.test_iteration_21.TestProductManagers" name="test_get_product_managers" time="0.135"><failure message="assert 404 == 200&#10; +  where 404 = &lt;Response [404]&gt;.status_code">backend/tests/test_iteration_21.py:282: in test_get_product_managers
    assert response.status_code == 200
E   assert 404 == 200
E    +  where 404 = &lt;Response [404]&gt;.status_code</failure></testcase><testcase classname="backend.tests.test_iteration_21.TestProductManagers" name="test_get_solution_categories" time="0.176"><failure message="assert 404 == 200&#10; +  where 404 = &lt;Response [404]&gt;.status_code">backend/tests/test_iteration_21.py:291: in test_get_solution_categories
    assert response.status_code == 200
E   assert 404 == 200
E    +  where 404 = &lt;Response [404]&gt;.status_code</failure></testcase></testsuite></testsuites>