<?xml version="1.0" encoding="utf-8"?><testsuites name="pytest tests"><testsuite name="pytest" errors="0" failures="0" skipped="0" tests="13" time="44.025" timestamp="2026-02-25T19:18:02.320038+00:00" hostname="agent-env-06e0f5a1-1b55-4fb7-a382-3908a38337e6"><testcase classname="backend.tests.test_iteration_22.TestIteration22" name="test_leaderboard_sorted_by_total_desc" time="35.176" /><testcase classname="backend.tests.test_iteration_22.TestIteration22" name="test_pipeline_by_stage_sorted_by_total" time="0.657" /><testcase classname="backend.tests.test_iteration_22.TestIteration22" name="test_count_aggregation_sorts_by_count" time="0.802" /><testcase classname="backend.tests.test_iteration_22.TestIteration22" name="test_card_config_has_sort_fields" time="0.799" /><testcase classname="backend.tests.test_iteration_22.TestIteration22" name="test_card_config_has_date_filter_field" time="0.812" /><testcase classname="backend.tests.test_iteration_22.TestIteration22" name="test_card_update_preserves_sort_fields" time="0.924" /><testcase classname="backend.tests.test_iteration_22.TestIteration22" name="test_my_dashboard_returns_blocks_with_data" time="0.521" /><testcase classname="backend.tests.test_iteration_22.TestIteration22" name="test_dashboard_leaderboard_card_sorted" time="0.563" /><testcase classname="backend.tests.test_iteration_22.TestIteration22" name="test_filter_options_endpoint" time="0.530" /><testcase classname="backend.tests.test_iteration_22.TestIteration22" name="test_dashboard_with_filter_params" time="0.585" /><testcase classname="backend.tests.test_iteration_22.TestIteration22" name="test_execute_card_includes_sort_fields" time="0.896" /><testcase classname="backend.tests.test_iteration_22.TestIteration22" name="test_different_users_different_data" time="1.167" /><testcase classname="backend.tests.test_iteration_22.TestIteration22" name="test_api_health" time="0.520" /></testsuite></testsuites>