<?xml version="1.0" encoding="utf-8"?><testsuites name="pytest tests"><testsuite name="pytest" errors="0" failures="14" skipped="1" tests="16" time="6.443" timestamp="2026-02-25T18:14:33.930053+00:00" hostname="agent-env-06e0f5a1-1b55-4fb7-a382-3908a38337e6"><testcase classname="tests.test_iteration_20.TestAuthentication" name="test_admin_login" time="0.528"><failure message="AssertionError: No token in response&#10;assert 'token' in {'access_token': 'eyJhbGciOiJIUzI1NiIsInR5cCI6IkpXVCJ9.eyJzdWIiOiI4YWU4MjkzMi1mZTRiLTQwN2ItOTg0ZC03MmRhMTE4MmJlZDciLCJlbWFpbCI6ImtyaXNobmFAc2VjdXJhZG8ubmV0Iiwib3JnX2lkIjoiZGVmYXVsdCIsInJvbGVzIjpbImFkbWluIiwic2FsZXNfYWRtaW4iXSwicGVybWlzc2lvbnMiOlsibWFuYWdlX29wcG9ydHVuaXRpZXMiLCJ2aWV3X2Rhc2hib2FyZCIsIm1hbmFnZV9sZWFkcyJdLCJ0eXBlIjoiYWNjZXNzIiwiZXhwIjoxNzcyMTI5Njc0LCJpYXQiOjE3NzIwNDMyNzR9.S1oLKFnQiNa3N5S0e4sSkqZG84sn1tc67l13MpyGk6Y', 'refresh_token': 'eyJhbGciOiJIUzI1NiIsInR5cCI6IkpXVCJ9.eyJzdWIiOiI4YWU4MjkzMi1mZTRiLTQwN2ItOTg0ZC03MmRhMTE4MmJlZDciLCJlbWFpbCI6ImtyaXNobmFAc2VjdXJhZG8ubmV0Iiwib3JnX2lkIjoiZGVmYXVsdCIsInJvbGVzIjpbImFkbWluIiwic2FsZXNfYWRtaW4iXSwicGVybWlzc2lvbnMiOlsibWFuYWdlX29wcG9ydHVuaXRpZXMiLCJ2aWV3X2Rhc2hib2FyZCIsIm1hbmFnZV9sZWFkcyJdLCJ0eXBlIjoicmVmcmVzaCIsImV4cCI6MTc3MjY0ODA3NCwiaWF0IjoxNzcyMDQzMjc0fQ.MWh3NUK8fKAYnQ3zznxyvsQZCB8AkBkU7l2TdutzeK4', 'token_type': 'bearer'}">tests/test_iteration_20.py:33: in test_admin_login
    assert 'token' in data, "No token in response"
E   AssertionError: No token in response
E   assert 'token' in {'access_token': 'eyJhbGciOiJIUzI1NiIsInR5cCI6IkpXVCJ9.eyJzdWIiOiI4YWU4MjkzMi1mZTRiLTQwN2ItOTg0ZC03MmRhMTE4MmJlZDciLCJlbWFpbCI6ImtyaXNobmFAc2VjdXJhZG8ubmV0Iiwib3JnX2lkIjoiZGVmYXVsdCIsInJvbGVzIjpbImFkbWluIiwic2FsZXNfYWRtaW4iXSwicGVybWlzc2lvbnMiOlsibWFuYWdlX29wcG9ydHVuaXRpZXMiLCJ2aWV3X2Rhc2hib2FyZCIsIm1hbmFnZV9sZWFkcyJdLCJ0eXBlIjoiYWNjZXNzIiwiZXhwIjoxNzcyMTI5Njc0LCJpYXQiOjE3NzIwNDMyNzR9.S1oLKFnQiNa3N5S0e4sSkqZG84sn1tc67l13MpyGk6Y', 'refresh_token': 'eyJhbGciOiJIUzI1NiIsInR5cCI6IkpXVCJ9.eyJzdWIiOiI4YWU4MjkzMi1mZTRiLTQwN2ItOTg0ZC03MmRhMTE4MmJlZDciLCJlbWFpbCI6ImtyaXNobmFAc2VjdXJhZG8ubmV0Iiwib3JnX2lkIjoiZGVmYXVsdCIsInJvbGVzIjpbImFkbWluIiwic2FsZXNfYWRtaW4iXSwicGVybWlzc2lvbnMiOlsibWFuYWdlX29wcG9ydHVuaXRpZXMiLCJ2aWV3X2Rhc2hib2FyZCIsIm1hbmFnZV9sZWFkcyJdLCJ0eXBlIjoicmVmcmVzaCIsImV4cCI6MTc3MjY0ODA3NCwiaWF0IjoxNzcyMDQzMjc0fQ.MWh3NUK8fKAYnQ3zznxyvsQZCB8AkBkU7l2TdutzeK4', 'token_type': 'bearer'}</failure></testcase><testcase classname="tests.test_iteration_20.TestAuthentication" name="test_sales_rep_login" time="0.375"><failure message="AssertionError: No token in response&#10;assert 'token' in {'access_token': 'eyJhbGciOiJIUzI1NiIsInR5cCI6IkpXVCJ9.eyJzdWIiOiI2ZDMwNDQ0ZC05Zjk1LTRjZTctOWJkMi0yOThkNzcxOWMzM2IiLCJlbWFpbCI6Im5hYmlzYWhlYkBzZWN1cmFkby5uZXQiLCJvcmdfaWQiOiJkZWZhdWx0Iiwicm9sZXMiOlsidXNlciIsInNhbGVzX3JlcCJdLCJwZXJtaXNzaW9ucyI6WyJtYW5hZ2Vfb3Bwb3J0dW5pdGllcyIsInZpZXdfZGFzaGJvYXJkIiwibWFuYWdlX2xlYWRzIl0sInR5cGUiOiJhY2Nlc3MiLCJleHAiOjE3NzIxMjk2NzQsImlhdCI6MTc3MjA0MzI3NH0.he8qxbfBBXih9PuTH4KKu9XdP71a-dFbU1DXTtdt5M0', 'refresh_token': 'eyJhbGciOiJIUzI1NiIsInR5cCI6IkpXVCJ9.eyJzdWIiOiI2ZDMwNDQ0ZC05Zjk1LTRjZTctOWJkMi0yOThkNzcxOWMzM2IiLCJlbWFpbCI6Im5hYmlzYWhlYkBzZWN1cmFkby5uZXQiLCJvcmdfaWQiOiJkZWZhdWx0Iiwicm9sZXMiOlsidXNlciIsInNhbGVzX3JlcCJdLCJwZXJtaXNzaW9ucyI6WyJtYW5hZ2Vfb3Bwb3J0dW5pdGllcyIsInZpZXdfZGFzaGJvYXJkIiwibWFuYWdlX2xlYWRzIl0sInR5cGUiOiJyZWZyZXNoIiwiZXhwIjoxNzcyNjQ4MDc0LCJpYXQiOjE3NzIwNDMyNzR9.M1nxCL3GkwoIIKY2_UP-_0mfpkJeaeAGi32neEr_OI4', 'token_type': 'bearer'}">tests/test_iteration_20.py:45: in test_sales_rep_login
    assert 'token' in data, "No token in response"
E   AssertionError: No token in response
E   assert 'token' in {'access_token': 'eyJhbGciOiJIUzI1NiIsInR5cCI6IkpXVCJ9.eyJzdWIiOiI2ZDMwNDQ0ZC05Zjk1LTRjZTctOWJkMi0yOThkNzcxOWMzM2IiLCJlbWFpbCI6Im5hYmlzYWhlYkBzZWN1cmFkby5uZXQiLCJvcmdfaWQiOiJkZWZhdWx0Iiwicm9sZXMiOlsidXNlciIsInNhbGVzX3JlcCJdLCJwZXJtaXNzaW9ucyI6WyJtYW5hZ2Vfb3Bwb3J0dW5pdGllcyIsInZpZXdfZGFzaGJvYXJkIiwibWFuYWdlX2xlYWRzIl0sInR5cGUiOiJhY2Nlc3MiLCJleHAiOjE3NzIxMjk2NzQsImlhdCI6MTc3MjA0MzI3NH0.he8qxbfBBXih9PuTH4KKu9XdP71a-dFbU1DXTtdt5M0', 'refresh_token': 'eyJhbGciOiJIUzI1NiIsInR5cCI6IkpXVCJ9.eyJzdWIiOiI2ZDMwNDQ0ZC05Zjk1LTRjZTctOWJkMi0yOThkNzcxOWMzM2IiLCJlbWFpbCI6Im5hYmlzYWhlYkBzZWN1cmFkby5uZXQiLCJvcmdfaWQiOiJkZWZhdWx0Iiwicm9sZXMiOlsidXNlciIsInNhbGVzX3JlcCJdLCJwZXJtaXNzaW9ucyI6WyJtYW5hZ2Vfb3Bwb3J0dW5pdGllcyIsInZpZXdfZGFzaGJvYXJkIiwibWFuYWdlX2xlYWRzIl0sInR5cGUiOiJyZWZyZXNoIiwiZXhwIjoxNzcyNjQ4MDc0LCJpYXQiOjE3NzIwNDMyNzR9.M1nxCL3GkwoIIKY2_UP-_0mfpkJeaeAGi32neEr_OI4', 'token_type': 'bearer'}</failure></testcase><testcase classname="tests.test_iteration_20.TestAuthentication" name="test_product_director_login" time="0.361"><failure message="AssertionError: No token in response&#10;assert 'token' in {'access_token': 'eyJhbGciOiJIUzI1NiIsInR5cCI6IkpXVCJ9.eyJzdWIiOiI4ZDVmMDUwOC01NzQzLTQ1NTgtOGU1MS04Y2JjOTkwN2JkNzkiLCJlbWFpbCI6InZpbW9kLmNAc2VjdXJhZG8ubmV0Iiwib3JnX2lkIjoiZGVmYXVsdCIsInJvbGVzIjpbInVzZXIiLCJwcm9kdWN0X2RpcmVjdG9yIl0sInBlcm1pc3Npb25zIjpbInZpZXdfb3Bwb3J0dW5pdGllcyIsInZpZXdfYWNjb3VudHMiLCJ2aWV3X2twaXMiLCJ2aWV3X2FjdGl2aXRpZXMiLCJ2aWV3X2dvYWxzIiwibWFuYWdlX2dvYWxzIiwibWFuYWdlX29wcG9ydHVuaXRpZXMiLCJtYW5hZ2VfbGVhZHMiLCJ2aWV3X2Rhc2hib2FyZCJdLCJ0eXBlIjoiYWNjZXNzIiwiZXhwIjoxNzcyMTI5Njc1LCJpYXQiOjE3NzIwNDMyNzV9.9nHwnb37CaEUyN1MNbEa-AM04woIRMvIqds0CTK3QyI', 'refresh_token': 'eyJhbGciOiJIUzI1NiIsInR5cCI6IkpXVCJ9.eyJzdWIiOiI4ZDVmMDUwOC01NzQzLTQ1NTgtOGU1MS04Y2JjOTkwN2JkNzkiLCJlbWFpbCI6InZpbW9kLmNAc2VjdXJhZG8ubmV0Iiwib3JnX2lkIjoiZGVmYXVsdCIsInJvbGVzIjpbInVzZXIiLCJwcm9kdWN0X2RpcmVjdG9yIl0sInBlcm1pc3Npb25zIjpbInZpZXdfb3Bwb3J0dW5pdGllcyIsInZpZXdfYWNjb3VudHMiLCJ2aWV3X2twaXMiLCJ2aWV3X2FjdGl2aXRpZXMiLCJ2aWV3X2dvYWxzIiwibWFuYWdlX2dvYWxzIiwibWFuYWdlX29wcG9ydHVuaXRpZXMiLCJtYW5hZ2VfbGVhZHMiLCJ2aWV3X2Rhc2hib2FyZCJdLCJ0eXBlIjoicmVmcmVzaCIsImV4cCI6MTc3MjY0ODA3NSwiaWF0IjoxNzcyMDQzMjc1fQ.VdzD1TqInOspHoEkAFYc0E0-TMPQUperk576FU3byMY', 'token_type': 'bearer'}">tests/test_iteration_20.py:56: in test_product_director_login
    assert 'token' in data, "No token in response"
E   AssertionError: No token in response
E   assert 'token' in {'access_token': 'eyJhbGciOiJIUzI1NiIsInR5cCI6IkpXVCJ9.eyJzdWIiOiI4ZDVmMDUwOC01NzQzLTQ1NTgtOGU1MS04Y2JjOTkwN2JkNzkiLCJlbWFpbCI6InZpbW9kLmNAc2VjdXJhZG8ubmV0Iiwib3JnX2lkIjoiZGVmYXVsdCIsInJvbGVzIjpbInVzZXIiLCJwcm9kdWN0X2RpcmVjdG9yIl0sInBlcm1pc3Npb25zIjpbInZpZXdfb3Bwb3J0dW5pdGllcyIsInZpZXdfYWNjb3VudHMiLCJ2aWV3X2twaXMiLCJ2aWV3X2FjdGl2aXRpZXMiLCJ2aWV3X2dvYWxzIiwibWFuYWdlX2dvYWxzIiwibWFuYWdlX29wcG9ydHVuaXRpZXMiLCJtYW5hZ2VfbGVhZHMiLCJ2aWV3X2Rhc2hib2FyZCJdLCJ0eXBlIjoiYWNjZXNzIiwiZXhwIjoxNzcyMTI5Njc1LCJpYXQiOjE3NzIwNDMyNzV9.9nHwnb37CaEUyN1MNbEa-AM04woIRMvIqds0CTK3QyI', 'refresh_token': 'eyJhbGciOiJIUzI1NiIsInR5cCI6IkpXVCJ9.eyJzdWIiOiI4ZDVmMDUwOC01NzQzLTQ1NTgtOGU1MS04Y2JjOTkwN2JkNzkiLCJlbWFpbCI6InZpbW9kLmNAc2VjdXJhZG8ubmV0Iiwib3JnX2lkIjoiZGVmYXVsdCIsInJvbGVzIjpbInVzZXIiLCJwcm9kdWN0X2RpcmVjdG9yIl0sInBlcm1pc3Npb25zIjpbInZpZXdfb3Bwb3J0dW5pdGllcyIsInZpZXdfYWNjb3VudHMiLCJ2aWV3X2twaXMiLCJ2aWV3X2FjdGl2aXRpZXMiLCJ2aWV3X2dvYWxzIiwibWFuYWdlX2dvYWxzIiwibWFuYWdlX29wcG9ydHVuaXRpZXMiLCJtYW5hZ2VfbGVhZHMiLCJ2aWV3X2Rhc2hib2FyZCJdLCJ0eXBlIjoicmVmcmVzaCIsImV4cCI6MTc3MjY0ODA3NSwiaWF0IjoxNzcyMDQzMjc1fQ.VdzD1TqInOspHoEkAFYc0E0-TMPQUperk576FU3byMY', 'token_type': 'bearer'}</failure></testcase><testcase classname="tests.test_iteration_20.TestDashboardAPI" name="test_get_my_dashboard_year_2026" time="0.734"><failure message="AssertionError: Failed: 401&#10;assert 401 == 200&#10; +  where 401 = &lt;Response [401]&gt;.status_code">tests/test_iteration_20.py:92: in test_get_my_dashboard_year_2026
    assert res.status_code == 200, f"Failed: {res.status_code}"
E   AssertionError: Failed: 401
E   assert 401 == 200
E    +  where 401 = &lt;Response [401]&gt;.status_code</failure></testcase><testcase classname="tests.test_iteration_20.TestDashboardAPI" name="test_get_my_dashboard_year_2025_different_data" time="0.316"><failure message="assert 401 == 200&#10; +  where 401 = &lt;Response [401]&gt;.status_code">tests/test_iteration_20.py:109: in test_get_my_dashboard_year_2025_different_data
    assert res_2026.status_code == 200
E   assert 401 == 200
E    +  where 401 = &lt;Response [401]&gt;.status_code</failure></testcase><testcase classname="tests.test_iteration_20.TestDashboardAPI" name="test_get_filter_options" time="0.152"><failure message="AssertionError: Failed: 401&#10;assert 401 == 200&#10; +  where 401 = &lt;Response [401]&gt;.status_code">tests/test_iteration_20.py:136: in test_get_filter_options
    assert res.status_code == 200, f"Failed: {res.status_code}"
E   AssertionError: Failed: 401
E   assert 401 == 200
E    +  where 401 = &lt;Response [401]&gt;.status_code</failure></testcase><testcase classname="tests.test_iteration_20.TestDashboardAPI" name="test_get_templates" time="0.265"><failure message="AssertionError: Failed: 401&#10;assert 401 == 200&#10; +  where 401 = &lt;Response [401]&gt;.status_code">tests/test_iteration_20.py:148: in test_get_templates
    assert res.status_code == 200, f"Failed: {res.status_code}"
E   AssertionError: Failed: 401
E   assert 401 == 200
E    +  where 401 = &lt;Response [401]&gt;.status_code</failure></testcase><testcase classname="tests.test_iteration_20.TestDashboardAPI" name="test_get_available_roles" time="0.130"><failure message="AssertionError: Failed: 401&#10;assert 401 == 200&#10; +  where 401 = &lt;Response [401]&gt;.status_code">tests/test_iteration_20.py:164: in test_get_available_roles
    assert res.status_code == 200, f"Failed: {res.status_code}"
E   AssertionError: Failed: 401
E   assert 401 == 200
E    +  where 401 = &lt;Response [401]&gt;.status_code</failure></testcase><testcase classname="tests.test_iteration_20.TestDashboardAPI" name="test_get_cards" time="0.210"><failure message="AssertionError: Failed: 401&#10;assert 401 == 200&#10; +  where 401 = &lt;Response [401]&gt;.status_code">tests/test_iteration_20.py:178: in test_get_cards
    assert res.status_code == 200, f"Failed: {res.status_code}"
E   AssertionError: Failed: 401
E   assert 401 == 200
E    +  where 401 = &lt;Response [401]&gt;.status_code</failure></testcase><testcase classname="tests.test_iteration_20.TestRBACHierarchy" name="test_admin_sees_all_data" time="0.470"><failure message="assert 401 == 200&#10; +  where 401 = &lt;Response [401]&gt;.status_code">tests/test_iteration_20.py:195: in test_admin_sees_all_data
    assert res.status_code == 200
E   assert 401 == 200
E    +  where 401 = &lt;Response [401]&gt;.status_code</failure></testcase><testcase classname="tests.test_iteration_20.TestRBACHierarchy" name="test_sales_rep_sees_own_data" time="0.564"><failure message="assert 401 == 200&#10; +  where 401 = &lt;Response [401]&gt;.status_code">tests/test_iteration_20.py:212: in test_sales_rep_sees_own_data
    assert res.status_code == 200
E   assert 401 == 200
E    +  where 401 = &lt;Response [401]&gt;.status_code</failure></testcase><testcase classname="tests.test_iteration_20.TestRBACHierarchy" name="test_admin_and_sales_rep_different_values" time="0.314"><failure message="assert 401 == 200&#10; +  where 401 = &lt;Response [401]&gt;.status_code">tests/test_iteration_20.py:225: in test_admin_and_sales_rep_different_values
    assert res_admin.status_code == 200
E   assert 401 == 200
E    +  where 401 = &lt;Response [401]&gt;.status_code</failure></testcase><testcase classname="tests.test_iteration_20.TestDrillDown" name="test_drill_down_returns_records" time="0.517"><skipped type="pytest.skip" message="No cards available">/app/backend/tests/test_iteration_20.py:247: No cards available</skipped></testcase><testcase classname="tests.test_iteration_20.TestAnalytics" name="test_analytics_overview" time="0.536"><failure message="AssertionError: Failed: 401&#10;assert 401 == 200&#10; +  where 401 = &lt;Response [401]&gt;.status_code">tests/test_iteration_20.py:279: in test_analytics_overview
    assert res.status_code == 200, f"Failed: {res.status_code}"
E   AssertionError: Failed: 401
E   assert 401 == 200
E    +  where 401 = &lt;Response [401]&gt;.status_code</failure></testcase><testcase classname="tests.test_iteration_20.TestAnalytics" name="test_analytics_filters" time="0.131"><failure message="AssertionError: Failed: 401&#10;assert 401 == 200&#10; +  where 401 = &lt;Response [401]&gt;.status_code">tests/test_iteration_20.py:291: in test_analytics_filters
    assert res.status_code == 200, f"Failed: {res.status_code}"
E   AssertionError: Failed: 401
E   assert 401 == 200
E    +  where 401 = &lt;Response [401]&gt;.status_code</failure></testcase><testcase classname="tests.test_iteration_20.TestCleanup" name="test_cleanup_test_cards" time="0.667" /></testsuite></testsuites>