<?xml version="1.0" encoding="utf-8"?><testsuites name="pytest tests"><testsuite name="pytest" errors="0" failures="0" skipped="0" tests="16" time="6.377" timestamp="2026-02-25T18:16:41.211364+00:00" hostname="agent-env-06e0f5a1-1b55-4fb7-a382-3908a38337e6"><testcase classname="tests.test_iteration_20.TestAuthentication" name="test_admin_login" time="0.472" /><testcase classname="tests.test_iteration_20.TestAuthentication" name="test_sales_rep_login" time="0.439" /><testcase classname="tests.test_iteration_20.TestAuthentication" name="test_product_director_login" time="0.360" /><testcase classname="tests.test_iteration_20.TestDashboardAPI" name="test_get_my_dashboard_year_2026" time="0.708" /><testcase classname="tests.test_iteration_20.TestDashboardAPI" name="test_get_my_dashboard_year_2025_different_data" time="0.432" /><testcase classname="tests.test_iteration_20.TestDashboardAPI" name="test_get_filter_options" time="0.150" /><testcase classname="tests.test_iteration_20.TestDashboardAPI" name="test_get_templates" time="0.122" /><testcase classname="tests.test_iteration_20.TestDashboardAPI" name="test_get_available_roles" time="0.135" /><testcase classname="tests.test_iteration_20.TestDashboardAPI" name="test_get_cards" time="0.152" /><testcase classname="tests.test_iteration_20.TestRBACHierarchy" name="test_admin_sees_all_data" time="0.542" /><testcase classname="tests.test_iteration_20.TestRBACHierarchy" name="test_sales_rep_sees_own_data" time="0.524" /><testcase classname="tests.test_iteration_20.TestRBACHierarchy" name="test_admin_and_sales_rep_different_values" time="0.382" /><testcase classname="tests.test_iteration_20.TestDrillDown" name="test_drill_down_returns_records" time="0.637" /><testcase classname="tests.test_iteration_20.TestAnalytics" name="test_analytics_overview" time="0.594" /><testcase classname="tests.test_iteration_20.TestAnalytics" name="test_analytics_filters" time="0.163" /><testcase classname="tests.test_iteration_20.TestCleanup" name="test_cleanup_test_cards" time="0.499" /></testsuite></testsuites>