<?xml version="1.0" encoding="utf-8"?><testsuites name="pytest tests"><testsuite name="pytest" errors="0" failures="0" skipped="0" tests="12" time="3.544" timestamp="2026-03-07T12:53:55.359386+00:00" hostname="agent-env-4e87f286-bcde-46e1-b8f6-34938a33e531"><testcase classname="backend.tests.test_iteration_26_dashboard_rbac.TestAuthAndRBAC" name="test_admin_login" time="0.364" /><testcase classname="backend.tests.test_iteration_26_dashboard_rbac.TestAuthAndRBAC" name="test_director_login" time="0.332" /><testcase classname="backend.tests.test_iteration_26_dashboard_rbac.TestAuthAndRBAC" name="test_admin_me_endpoint" time="0.112" /><testcase classname="backend.tests.test_iteration_26_dashboard_rbac.TestAuthAndRBAC" name="test_director_me_endpoint" time="0.108" /><testcase classname="backend.tests.test_iteration_26_dashboard_rbac.TestAuthAndRBAC" name="test_admin_rbac_endpoint" time="0.131" /><testcase classname="backend.tests.test_iteration_26_dashboard_rbac.TestAuthAndRBAC" name="test_director_rbac_endpoint" time="0.108" /><testcase classname="backend.tests.test_iteration_26_dashboard_rbac.TestDashboardCards" name="test_admin_dashboard_has_data" time="0.492" /><testcase classname="backend.tests.test_iteration_26_dashboard_rbac.TestDashboardCards" name="test_director_dashboard_has_data" time="0.501" /><testcase classname="backend.tests.test_iteration_26_dashboard_rbac.TestDashboardCards" name="test_director_invoice_cards" time="0.160" /><testcase classname="backend.tests.test_iteration_26_dashboard_rbac.TestAccountsEndpoint" name="test_accounts_endpoint" time="0.600" /><testcase classname="backend.tests.test_iteration_26_dashboard_rbac.TestMSSOConfig" name="test_ms_sso_config" time="0.106" /><testcase classname="backend.tests.test_iteration_26_dashboard_rbac.TestSidebarNavigation" name="test_admin_permissions_for_sidebar" time="0.424" /></testsuite></testsuites>