<?xml version="1.0" encoding="utf-8"?><testsuites name="pytest tests"><testsuite name="pytest" errors="0" failures="0" skipped="0" tests="28" time="9.633" timestamp="2026-02-16T20:37:03.864643+00:00" hostname="agent-env-06e0f5a1-1b55-4fb7-a382-3908a38337e6"><testcase classname="backend.tests.test_card_builder.TestMyDashboard" name="test_get_my_dashboard_returns_template_and_blocks" time="0.691" /><testcase classname="backend.tests.test_card_builder.TestMyDashboard" name="test_win_rate_card_displays_percentage" time="0.150" /><testcase classname="backend.tests.test_card_builder.TestTemplatesCRUD" name="test_list_templates" time="0.172" /><testcase classname="backend.tests.test_card_builder.TestTemplatesCRUD" name="test_create_template" time="0.104" /><testcase classname="backend.tests.test_card_builder.TestTemplatesCRUD" name="test_update_template" time="0.465" /><testcase classname="backend.tests.test_card_builder.TestTemplatesCRUD" name="test_delete_template" time="0.234" /><testcase classname="backend.tests.test_card_builder.TestLayoutManagement" name="test_save_template_layout" time="0.530" /><testcase classname="backend.tests.test_card_builder.TestAvailableRoles" name="test_get_available_roles" time="0.128" /><testcase classname="backend.tests.test_card_builder.TestCards" name="test_list_cards" time="0.131" /><testcase classname="backend.tests.test_card_builder.TestCards" name="test_execute_card" time="0.244" /><testcase classname="backend.tests.test_card_builder.TestCleanup" name="test_cleanup_test_templates" time="0.309" /><testcase classname="backend.tests.test_rbac_hierarchy.TestAvailableRolesExpanded" name="test_available_roles_returns_7_default_roles" time="0.557" /><testcase classname="backend.tests.test_rbac_hierarchy.TestRBACHierarchy" name="test_admin_sees_all_data" time="0.157" /><testcase classname="backend.tests.test_rbac_hierarchy.TestRBACHierarchy" name="test_sales_rep_sees_own_data_only" time="0.478" /><testcase classname="backend.tests.test_rbac_hierarchy.TestRBACHierarchy" name="test_product_director_sees_team_data" time="0.716" /><testcase classname="backend.tests.test_rbac_hierarchy.TestRBACHierarchy" name="test_rbac_comparison" time="0.659" /><testcase classname="backend.tests.test_rbac_hierarchy.TestTemplateUpdatePreservesCards" name="test_update_template_preserves_cards" time="0.878" /><testcase classname="backend.tests.test_rbac_hierarchy.TestWinRateFormatted" name="test_win_rate_groups_data" time="0.149" /><testcase classname="backend.tests.test_rbac_hierarchy.TestExecuteAdhocQuery" name="test_adhoc_query_respects_rbac" time="0.245" /><testcase classname="backend.tests.test_rbac_hierarchy.TestCleanup" name="test_cleanup_test_templates" time="0.124" /><testcase classname="backend.tests.test_new_chart_features.TestNewChartTypes" name="test_create_area_chart_card" time="0.797" /><testcase classname="backend.tests.test_new_chart_features.TestNewChartTypes" name="test_create_radial_chart_card" time="0.435" /><testcase classname="backend.tests.test_new_chart_features.TestNewChartTypes" name="test_create_table_list_card" time="0.311" /><testcase classname="backend.tests.test_new_chart_features.TestExecuteAdhocQuery" name="test_execute_query_endpoint_exists" time="0.185" /><testcase classname="backend.tests.test_new_chart_features.TestDrillDownWithNewCards" name="test_drill_down_returns_records" time="0.314" /><testcase classname="backend.tests.test_new_chart_features.TestSeedDefaultCardsContent" name="test_cards_include_area_and_radial_types" time="0.115" /><testcase classname="backend.tests.test_new_chart_features.TestWinRatePercentage" name="test_win_rate_displays_percentage" time="0.154" /><testcase classname="backend.tests.test_new_chart_features.TestCleanup" name="test_cleanup_test_cards" time="0.135" /></testsuite></testsuites>