<?xml version="1.0" encoding="utf-8"?><testsuites name="pytest tests"><testsuite name="pytest" errors="0" failures="1" skipped="0" tests="16" time="5.106" timestamp="2026-03-07T21:35:29.000521+00:00" hostname="agent-env-ab2dd45f-d3eb-4bea-bac1-d18b7ce8661d"><testcase classname="backend.tests.test_iteration_27_invoice_kpi_fix.TestInvoiceKPIFix" name="test_admin_login" time="0.501" /><testcase classname="backend.tests.test_iteration_27_invoice_kpi_fix.TestInvoiceKPIFix" name="test_director_login" time="0.370" /><testcase classname="backend.tests.test_iteration_27_invoice_kpi_fix.TestInvoiceKPIFix" name="test_sales_rep_login" time="0.357" /><testcase classname="backend.tests.test_iteration_27_invoice_kpi_fix.TestInvoiceKPIFix" name="test_admin_dashboard_loads" time="0.591" /><testcase classname="backend.tests.test_iteration_27_invoice_kpi_fix.TestInvoiceKPIFix" name="test_director_dashboard_loads" time="0.565" /><testcase classname="backend.tests.test_iteration_27_invoice_kpi_fix.TestInvoiceKPIFix" name="test_sales_rep_dashboard_loads" time="0.481" /><testcase classname="backend.tests.test_iteration_27_invoice_kpi_fix.TestInvoiceKPIFix" name="test_invoice_cards_non_zero_admin" time="0.156"><failure message="AssertionError: No invoice cards found in dashboard&#10;assert 0 &gt; 0&#10; +  where 0 = len({})">backend/tests/test_iteration_27_invoice_kpi_fix.py:138: in test_invoice_cards_non_zero_admin
    assert len(invoice_cards) &gt; 0, "No invoice cards found in dashboard"
E   AssertionError: No invoice cards found in dashboard
E   assert 0 &gt; 0
E    +  where 0 = len({})</failure></testcase><testcase classname="backend.tests.test_iteration_27_invoice_kpi_fix.TestInvoiceKPIFix" name="test_invoice_cards_non_zero_director" time="0.254" /><testcase classname="backend.tests.test_iteration_27_invoice_kpi_fix.TestInvoiceKPIFix" name="test_overdue_invoices_card" time="0.151" /><testcase classname="backend.tests.test_iteration_27_invoice_kpi_fix.TestInvoiceKPIFix" name="test_unpaid_invoices_value_card" time="0.144" /><testcase classname="backend.tests.test_iteration_27_invoice_kpi_fix.TestInvoiceKPIFix" name="test_invoice_revenue_card" time="0.141" /><testcase classname="backend.tests.test_iteration_27_invoice_kpi_fix.TestInvoiceKPIFix" name="test_invoices_by_status_card" time="0.211" /><testcase classname="backend.tests.test_iteration_27_invoice_kpi_fix.TestInvoiceKPIFix" name="test_non_invoice_cards_still_work" time="0.158" /><testcase classname="backend.tests.test_iteration_27_invoice_kpi_fix.TestInvoiceKPIFix" name="test_invoice_drill_down_api" time="0.207" /><testcase classname="backend.tests.test_iteration_27_invoice_kpi_fix.TestReceivablesAPI" name="test_receivables_list" time="0.556" /><testcase classname="backend.tests.test_iteration_27_invoice_kpi_fix.TestReceivablesAPI" name="test_receivables_stats" time="0.117" /></testsuite></testsuites>