<?xml version="1.0" encoding="utf-8"?><testsuites name="pytest tests"><testsuite name="pytest" errors="0" failures="0" skipped="0" tests="10" time="4.951" timestamp="2026-03-04T23:40:53.071864+00:00" hostname="agent-env-31d73995-4156-4537-a302-ebf0213b3a2a"><testcase classname="backend.tests.test_iteration_24.TestIteration24PlanTypes" name="test_get_product_managers" time="0.553" /><testcase classname="backend.tests.test_iteration_24.TestIteration24PlanTypes" name="test_create_strategy_plan" time="0.180" /><testcase classname="backend.tests.test_iteration_24.TestIteration24PlanTypes" name="test_create_marketing_plan" time="0.133" /><testcase classname="backend.tests.test_iteration_24.TestIteration24PlanTypes" name="test_strategy_plan_suggestions" time="0.614" /><testcase classname="backend.tests.test_iteration_24.TestIteration24PlanTypes" name="test_marketing_plan_suggestions" time="0.637" /><testcase classname="backend.tests.test_iteration_24.TestIteration24PlanTypes" name="test_revenue_plan_includes_cross_team_activities" time="0.760" /><testcase classname="backend.tests.test_iteration_24.TestIteration24PlanTypes" name="test_list_plans_by_type" time="0.216" /><testcase classname="backend.tests.test_iteration_24.TestIteration24ActivityItems" name="test_create_activity_item_with_assign_team" time="0.656" /><testcase classname="backend.tests.test_iteration_24.TestIteration24ActivityItems" name="test_list_items_shows_team_badges" time="0.302" /><testcase classname="backend.tests.test_iteration_24.TestIteration24Cleanup" name="test_cleanup_test_plans" time="0.835" /></testsuite></testsuites>