<?xml version="1.0" encoding="utf-8"?><testsuites name="pytest tests"><testsuite name="pytest" errors="0" failures="0" skipped="0" tests="14" time="10.538" timestamp="2026-03-04T23:28:17.847325+00:00" hostname="agent-env-31d73995-4156-4537-a302-ebf0213b3a2a"><testcase classname="tests.test_iteration_23.TestAIAssistantFeedback" name="test_ai_chat_crm_mode_answers_question" time="3.008" /><testcase classname="tests.test_iteration_23.TestAIAssistantFeedback" name="test_ai_chat_feedback_mode_submits_feedback" time="2.132" /><testcase classname="tests.test_iteration_23.TestAIAssistantFeedback" name="test_ai_chat_auto_mode_detects_feedback_keywords" time="0.967" /><testcase classname="tests.test_iteration_23.TestAIAssistantFeedback" name="test_ai_chat_auto_mode_crm_questions" time="1.242" /><testcase classname="tests.test_iteration_23.TestAIAssistantFeedback" name="test_ai_chat_history_endpoint" time="0.109" /><testcase classname="tests.test_iteration_23.TestPerformanceHubCEO" name="test_ceo_summary_endpoint" time="0.476" /><testcase classname="tests.test_iteration_23.TestPerformanceHubCEO" name="test_revenue_plans_list" time="0.165" /><testcase classname="tests.test_iteration_23.TestPerformanceHubCEO" name="test_my_data_endpoint_admin" time="0.130" /><testcase classname="tests.test_iteration_23.TestCategorySegmentation" name="test_get_segments_endpoint" time="0.578" /><testcase classname="tests.test_iteration_23.TestCategorySegmentation" name="test_save_segments_validation_fails_on_mismatch" time="0.267" /><testcase classname="tests.test_iteration_23.TestCategorySegmentation" name="test_save_segments_success_when_balanced" time="0.347" /><testcase classname="tests.test_iteration_23.TestCategorySegmentation" name="test_segments_return_actuals_and_pipeline" time="0.129" /><testcase classname="tests.test_iteration_23.TestSolutionCategoriesLookup" name="test_solution_categories_endpoint" time="0.441" /><testcase classname="tests.test_iteration_23.TestFeedbackNotDuplicateFAB" name="test_feedback_submit_still_works" time="0.478" /></testsuite></testsuites>