<?xml version="1.0" encoding="utf-8"?><testsuites name="pytest tests"><testsuite name="pytest" errors="0" failures="0" skipped="0" tests="10" time="17.342" timestamp="2026-03-04T23:56:48.559907+00:00" hostname="agent-env-31d73995-4156-4537-a302-ebf0213b3a2a"><testcase classname="backend.tests.test_iteration_25.TestAiAssistantVoiceEndpoint" name="test_voice_endpoint_exists" time="7.789" /><testcase classname="backend.tests.test_iteration_25.TestAiAssistantVoiceEndpoint" name="test_voice_endpoint_validates_audio_format" time="0.470" /><testcase classname="backend.tests.test_iteration_25.TestFeedbackWithAttachment" name="test_feedback_with_no_attachment" time="1.702" /><testcase classname="backend.tests.test_iteration_25.TestFeedbackWithAttachment" name="test_feedback_with_screenshot_attachment" time="1.375" /><testcase classname="backend.tests.test_iteration_25.TestFeedbackWithAttachment" name="test_feedback_rejects_non_image_attachment" time="1.285" /><testcase classname="backend.tests.test_iteration_25.TestInlineCharts" name="test_pipeline_chart_request" time="1.859" /><testcase classname="backend.tests.test_iteration_25.TestMsSsoCredentials" name="test_ms_sso_config_endpoint" time="0.107" /><testcase classname="backend.tests.test_iteration_25.TestAiChatBasicFunctionality" name="test_chat_basic_question" time="2.246" /><testcase classname="backend.tests.test_iteration_25.TestAiChatBasicFunctionality" name="test_chat_history_endpoint" time="0.424" /><testcase classname="backend.tests.test_iteration_25.TestCleanupTestData" name="test_cleanup" time="0.000" /></testsuite></testsuites>