<?xml version="1.0" encoding="utf-8"?><testsuites name="pytest tests"><testsuite name="pytest" errors="0" failures="0" skipped="0" tests="13" time="19.776" timestamp="2026-03-07T19:59:14.026798+00:00" hostname="agent-env-4e87f286-bcde-46e1-b8f6-34938a33e531"><testcase classname="backend.tests.test_iteration_27.TestAuth" name="test_admin_login" time="0.379" /><testcase classname="backend.tests.test_iteration_27.TestAccountsOverdueCount" name="test_accounts_endpoint_returns_summary" time="0.662" /><testcase classname="backend.tests.test_iteration_27.TestAccountsOverdueCount" name="test_accounts_entity_type_company_filter" time="0.227" /><testcase classname="backend.tests.test_iteration_27.TestOpportunityActivities" name="test_get_opportunity_activities" time="0.238" /><testcase classname="backend.tests.test_iteration_27.TestOpportunityActivities" name="test_create_opportunity_activity" time="0.222" /><testcase classname="backend.tests.test_iteration_27.TestOpportunityActivities" name="test_update_activity_toggle_complete" time="0.452" /><testcase classname="backend.tests.test_iteration_27.TestAIRecommendActivities" name="test_recommend_activities_basic" time="8.403" /><testcase classname="backend.tests.test_iteration_27.TestAIRecommendActivities" name="test_recommend_activities_with_plan_id" time="7.778" /><testcase classname="backend.tests.test_iteration_27.TestExportReport" name="test_export_pipeline_excel" time="0.314" /><testcase classname="backend.tests.test_iteration_27.TestExportReport" name="test_export_performance_pdf" time="0.167" /><testcase classname="backend.tests.test_iteration_27.TestExportReport" name="test_export_invoices_excel" time="0.241" /><testcase classname="backend.tests.test_iteration_27.TestExportReport" name="test_export_activities_pdf" time="0.156" /><testcase classname="backend.tests.test_iteration_27.TestOpportunityDetails" name="test_opportunity_detail_tabs_data" time="0.465" /></testsuite></testsuites>