<?xml version="1.0" encoding="utf-8"?><testsuites name="pytest tests"><testsuite name="pytest" errors="0" failures="0" skipped="0" tests="20" time="7.578" timestamp="2026-02-16T18:33:04.451890+00:00" hostname="agent-env-06e0f5a1-1b55-4fb7-a382-3908a38337e6"><testcase classname="backend.tests.test_rbac_hierarchy.TestAvailableRolesExpanded" name="test_available_roles_returns_7_default_roles" time="0.646" /><testcase classname="backend.tests.test_rbac_hierarchy.TestRBACHierarchy" name="test_admin_sees_all_data" time="0.181" /><testcase classname="backend.tests.test_rbac_hierarchy.TestRBACHierarchy" name="test_sales_rep_sees_own_data_only" time="0.602" /><testcase classname="backend.tests.test_rbac_hierarchy.TestRBACHierarchy" name="test_product_director_sees_team_data" time="0.639" /><testcase classname="backend.tests.test_rbac_hierarchy.TestRBACHierarchy" name="test_rbac_comparison" time="0.589" /><testcase classname="backend.tests.test_rbac_hierarchy.TestTemplateUpdatePreservesCards" name="test_update_template_preserves_cards" time="0.825" /><testcase classname="backend.tests.test_rbac_hierarchy.TestWinRateFormatted" name="test_win_rate_groups_data" time="0.156" /><testcase classname="backend.tests.test_rbac_hierarchy.TestExecuteAdhocQuery" name="test_adhoc_query_respects_rbac" time="0.290" /><testcase classname="backend.tests.test_rbac_hierarchy.TestCleanup" name="test_cleanup_test_templates" time="0.127" /><testcase classname="backend.tests.test_card_builder.TestMyDashboard" name="test_get_my_dashboard_returns_template_and_blocks" time="0.529" /><testcase classname="backend.tests.test_card_builder.TestMyDashboard" name="test_win_rate_card_displays_percentage" time="0.157" /><testcase classname="backend.tests.test_card_builder.TestTemplatesCRUD" name="test_list_templates" time="0.139" /><testcase classname="backend.tests.test_card_builder.TestTemplatesCRUD" name="test_create_template" time="0.191" /><testcase classname="backend.tests.test_card_builder.TestTemplatesCRUD" name="test_update_template" time="0.484" /><testcase classname="backend.tests.test_card_builder.TestTemplatesCRUD" name="test_delete_template" time="0.686" /><testcase classname="backend.tests.test_card_builder.TestLayoutManagement" name="test_save_template_layout" time="0.522" /><testcase classname="backend.tests.test_card_builder.TestAvailableRoles" name="test_get_available_roles" time="0.141" /><testcase classname="backend.tests.test_card_builder.TestCards" name="test_list_cards" time="0.115" /><testcase classname="backend.tests.test_card_builder.TestCards" name="test_execute_card" time="0.252" /><testcase classname="backend.tests.test_card_builder.TestCleanup" name="test_cleanup_test_templates" time="0.246" /></testsuite></testsuites>