<?xml version="1.0" encoding="utf-8"?><testsuites name="pytest tests"><testsuite name="pytest" errors="0" failures="0" skipped="0" tests="17" time="1.732" timestamp="2026-02-07T21:18:00.498867+00:00" hostname="agent-env-0ead9263-2e62-4e77-ad36-3d776d30c662"><testcase classname="backend.tests.test_target_management.TestHealthCheck" name="test_api_health" time="0.074" /><testcase classname="backend.tests.test_target_management.TestSalesTargets" name="test_list_sales_targets" time="0.303" /><testcase classname="backend.tests.test_target_management.TestSalesTargets" name="test_get_targets_summary" time="0.045" /><testcase classname="backend.tests.test_target_management.TestSalesTargets" name="test_get_target_leaderboard" time="0.038" /><testcase classname="backend.tests.test_target_management.TestSalesTargets" name="test_create_sales_target" time="0.035" /><testcase classname="backend.tests.test_target_management.TestSalesTargets" name="test_update_target_progress" time="0.197" /><testcase classname="backend.tests.test_target_management.TestSalesTargets" name="test_delete_sales_target" time="0.118" /><testcase classname="backend.tests.test_target_management.TestActivityTargets" name="test_list_activity_targets" time="0.041" /><testcase classname="backend.tests.test_target_management.TestActivityTargets" name="test_get_activity_summary" time="0.046" /><testcase classname="backend.tests.test_target_management.TestActivityTargets" name="test_get_activity_scoreboard" time="0.035" /><testcase classname="backend.tests.test_target_management.TestActivityTargets" name="test_create_activity_target" time="0.072" /><testcase classname="backend.tests.test_target_management.TestActivityTargets" name="test_log_activity_count" time="0.151" /><testcase classname="backend.tests.test_target_management.TestIncentivePlans" name="test_list_incentive_plans" time="0.041" /><testcase classname="backend.tests.test_target_management.TestIncentivePlans" name="test_create_incentive_plan" time="0.114" /><testcase classname="backend.tests.test_target_management.TestIncentiveCalculation" name="test_calculate_incentive" time="0.080" /><testcase classname="backend.tests.test_target_management.TestIncentiveCalculation" name="test_simulate_incentive" time="0.070" /><testcase classname="backend.tests.test_target_management.TestCleanup" name="test_cleanup_test_data" time="0.149" /></testsuite></testsuites>