<?xml version="1.0" encoding="utf-8"?><testsuites name="pytest tests"><testsuite name="pytest" errors="0" failures="1" skipped="0" tests="24" time="2.028" timestamp="2026-02-07T22:24:04.067137+00:00" hostname="agent-env-0ead9263-2e62-4e77-ad36-3d776d30c662"><testcase classname="backend.tests.test_target_planning.TestLookups" name="test_get_product_managers" time="0.358" /><testcase classname="backend.tests.test_target_planning.TestLookups" name="test_get_solution_categories" time="0.043" /><testcase classname="backend.tests.test_target_planning.TestLookups" name="test_get_salespersons" time="0.044" /><testcase classname="backend.tests.test_target_planning.TestLookups" name="test_get_activity_types" time="0.035" /><testcase classname="backend.tests.test_target_planning.TestLookups" name="test_get_accounts" time="0.044" /><testcase classname="backend.tests.test_target_planning.TestLookups" name="test_get_sales_teams" time="0.040" /><testcase classname="backend.tests.test_target_planning.TestActuals" name="test_get_actuals_by_pm" time="0.041" /><testcase classname="backend.tests.test_target_planning.TestActuals" name="test_get_actuals_by_salesperson" time="0.039" /><testcase classname="backend.tests.test_target_planning.TestActuals" name="test_get_collection_actuals" time="0.042" /><testcase classname="backend.tests.test_target_planning.TestActuals" name="test_get_actual_activities" time="0.044" /><testcase classname="backend.tests.test_target_planning.TestRevenuePlans" name="test_list_revenue_plans" time="0.042" /><testcase classname="backend.tests.test_target_planning.TestRevenuePlans" name="test_create_revenue_plan" time="0.079" /><testcase classname="backend.tests.test_target_planning.TestRevenuePlans" name="test_verify_created_plan_in_list" time="0.048" /><testcase classname="backend.tests.test_target_planning.TestActivityPlanItems" name="test_create_plan_items" time="0.153" /><testcase classname="backend.tests.test_target_planning.TestActivityPlanItems" name="test_list_plan_items_with_actuals" time="0.047" /><testcase classname="backend.tests.test_target_planning.TestRedistributions" name="test_redistribute_plan_item" time="0.088" /><testcase classname="backend.tests.test_target_planning.TestRedistributions" name="test_verify_redistribution_match" time="0.050" /><testcase classname="backend.tests.test_target_planning.TestRedistributions" name="test_list_redistributions" time="0.045" /><testcase classname="backend.tests.test_target_planning.TestRBAC" name="test_sales_director_can_access_lookups" time="0.301" /><testcase classname="backend.tests.test_target_planning.TestRBAC" name="test_sales_director_can_access_plans" time="0.045" /><testcase classname="backend.tests.test_target_planning.TestRBAC" name="test_sales_director_cannot_access_etl" time="0.046"><failure message="AssertionError: Sales Director should NOT access ETL, got 200&#10;assert 200 in [401, 403]&#10; +  where 200 = &lt;Response [200]&gt;.status_code">backend/tests/test_target_planning.py:539: in test_sales_director_cannot_access_etl
    assert response.status_code in [401, 403], f"Sales Director should NOT access ETL, got {response.status_code}"
E   AssertionError: Sales Director should NOT access ETL, got 200
E   assert 200 in [401, 403]
E    +  where 200 = &lt;Response [200]&gt;.status_code</failure></testcase><testcase classname="backend.tests.test_target_planning.TestCleanup" name="test_cleanup_redistributions" time="0.045" /><testcase classname="backend.tests.test_target_planning.TestCleanup" name="test_cleanup_plan_items" time="0.075" /><testcase classname="backend.tests.test_target_planning.TestCleanup" name="test_cleanup_revenue_plan" time="0.078" /></testsuite></testsuites>